<?xml version="1.0" encoding="UTF-8"?>
<!-- Generated by org.testng.reporters.JUnitReportReporter -->
<testsuite hostname="LAPTOP-1GSBKKRH" failures="0" tests="1" name="TestExecution.AmazonTestAutomation" time="25.805" errors="0" timestamp="2024-03-17T22:51:58 EET" skipped="0">
  <testcase classname="TestExecution.AmazonTestAutomation" name="testAddProductToCart" time="25.805"/>
  <system-out/>
</testsuite> <!-- TestExecution.AmazonTestAutomation -->
